<?xml version="1.0" encoding="UTF-8"?>
<!-- Generated by org.testng.reporters.JUnitReportReporter -->
<testsuite skipped="0" hostname="VI-LLR9ZG2ZR" name="APITesting.com.org.api.JasonServerResquests" tests="1" failures="0" timestamp="21 May 2017 13:46:35 GMT" time="0.076" errors="0">
  <testcase name="test_10" time="0.076" classname="APITesting.com.org.api.JasonServerResquests"/>
</testsuite> <!-- APITesting.com.org.api.JasonServerResquests -->
